<?xml version="1.0" encoding="UTF-8"?>
<!-- Generated by org.testng.reporters.JUnitReportReporter -->
<testsuite hostname="sasidhars-MacBook-Air.local" failures="0" tests="1" name="seelniumDemo.TestNGDemo" time="0.007" errors="0" timestamp="2023-07-12T10:14:47 IST" skipped="0">
  <testcase classname="seelniumDemo.TestNGDemo" name="login" time="0.007"/>
  <system-out/>
</testsuite> <!-- seelniumDemo.TestNGDemo -->
