<?xml version="1.0" encoding="UTF-8"?>
<!-- Generated by org.testng.reporters.JUnitReportReporter -->
<testsuite hostname="sasidhars-MacBook-Air.local" failures="0" tests="1" name="com.tests.LoginFlows" time="22.238" errors="0" timestamp="2023-07-21T09:54:06 IST" skipped="0">
  <testcase classname="com.tests.LoginFlows" name="login" time="22.238"/>
  <system-out/>
</testsuite> <!-- com.tests.LoginFlows -->
